RUNIT TEST PROTOCOL -- Mon Sep 25 21:40:07 2017 
*********************************************** 
Number of test functions: 2 
Number of errors: 0 
Number of failures: 0 

 
1 Test Suite : 
packager_unit_test - 2 test functions, 0 errors, 0 failures



Details 
*************************** 
Test Suite: packager_unit_test 
Test function regexp: ^test_+ 
Test file regexp: ^.*\.[rR] 
Involved directory: 
/home/qwer/git/cyclops/fvafrcu/packager/tests/runit 
--------------------------- 
Test file: /home/qwer/git/cyclops/fvafrcu/packager/tests/runit/main.R 
test_exception: (1 checks) ... OK (48.92 seconds)
--------------------------- 
Test file: /home/qwer/git/cyclops/fvafrcu/packager/tests/runit/runit-throw.R 
test_exception: (1 checks) ... OK (0 seconds)
